2020-07-31 10:46:54 |ERROR | sql.go:476 | sql=[SELECT signed_no FROM business_signed WHERE status=$1 AND end_time <= $2 ]
args=[[1 2020-07-31 10:46:54]]
2020-07-31 10:46:54 |INFO  | businessAppRelieveSigned.go:66 | 商家应用过期签约解除:过期的签约：["2020073017314003060025"]
2020-07-31 10:46:54 |ERROR | sql.go:398 | sql=[UPDATE business_signed SET status=$1 WHERE status=$2 AND signed_no=$3 ]
args=[[2 1 2020073017314003060025]]
2020-07-31 10:50:04 |ERROR | sql.go:476 | sql=[SELECT signed_no FROM business_signed WHERE status=$1 AND end_time <= $2 ]
args=[[1 2020-07-31 10:50:04]]
2020-07-31 10:50:04 |INFO  | businessAppRelieveSigned.go:66 | 商家应用过期签约解除:过期的签约：null
2020-09-04 13:40:46 |INFO  | businessAppRelieveSigned.go:45 | 解除过期的产品签约:解除过期的APP签约定时任务---------------------------start

2020-09-04 13:40:46 |ERROR | sql.go:476 | sql=[UPDATE business_signed SET status=$1,update_time=CURRENT_TIMESTAMP WHERE status=$2 AND end_time <= $3 RETURNING signed_no]
args=[[2 1 2020-09-04 13:40:46]]
2020-09-04 13:40:46 |INFO  | businessAppRelieveSigned.go:54 | 过期的签约：null
2020-09-04 13:40:46 |INFO  | businessAppRelieveSigned.go:56 | 解除过期的产品签约:解除过期的APP签约定时任务---------------------------end


2020-09-08 15:28:19 |ERROR | sql.go:476 | sql=[SELECT s.signed_no, s.app_id,s.business_no,s.business_account_no,s.end_time, s.scene_no, s.rate, s.cycle, s.industry_no FROM business_signed s  LEFT JOIN business_app app ON app.app_id = s.app_id WHERE app.status in ($1, $2) AND s.status=$3 AND s.end_time <= $4 AND s.last_signed_no='']
args=[[1 4 3 2020-09-11 15:28:16]]
2020-09-08 15:28:28 |INFO  | businessAppAutoSigned.go:69 | 商家APP签约产品自动续签:需要续签的APP：null
2020-09-08 15:28:28 |ERROR | sql.go:33 | sql=[select param_value from global_param where param_key=$1   limit 1]
args=[[service_term]]
2020-09-08 15:35:19 |ERROR | sql.go:476 | sql=[SELECT s.signed_no, s.app_id,s.business_no,s.business_account_no,s.end_time, s.scene_no, s.rate, s.cycle, s.industry_no FROM business_signed s  LEFT JOIN business_app app ON app.app_id = s.app_id WHERE app.status in ($1, $2) AND s.status=$3 AND s.end_time <= $4 AND s.last_signed_no IS NULL ]
args=[[1 4 3 2020-09-11 15:35:16]]
2020-09-08 15:35:30 |INFO  | businessAppAutoSigned.go:69 | 商家APP签约产品自动续签:需要续签的APP：null
2020-09-08 15:35:30 |ERROR | sql.go:33 | sql=[select param_value from global_param where param_key=$1   limit 1]
args=[[service_term]]
2020-09-08 15:35:42 |ERROR | sql.go:476 | sql=[SELECT s.signed_no, s.app_id,s.business_no,s.business_account_no,s.end_time, s.scene_no, s.rate, s.cycle, s.industry_no FROM business_signed s  LEFT JOIN business_app app ON app.app_id = s.app_id WHERE app.status in ($1, $2) AND s.status=$3 AND s.end_time <= $4 AND s.last_signed_no IS NULL ]
args=[[1 4 3 2020-09-11 15:35:42]]
2020-09-08 15:35:47 |INFO  | businessAppAutoSigned.go:69 | 商家APP签约产品自动续签:需要续签的APP：[{"SignedNo":"2020090711330858239887","AppId":"2020090417003775361070","BusinessNo":"558c1ae3-e0ca-4af1-96ae-9d5625795d2b","BusinessAccNo":"555d2d86-fef4-42d9-b2f0-a6adb8c3f325","StartTime":"","EndTime":"2020-09-07T16:26:08Z","SceneNo":"246b72ad-2904-42b6-83b8-274dbf3a4927","Rate":"350","Cycle":"D0","IndustryNo":"002001","LastSignedNo":""}]
2020-09-08 15:35:49 |ERROR | sql.go:33 | sql=[select param_value from global_param where param_key=$1   limit 1]
args=[[service_term]]
2020-09-08 15:36:00 |ERROR | sql.go:398 | sql=[insert into business_signed(signed_no, app_id, business_account_no, business_no, start_time, end_time, status, scene_no, rate, cycle, industry_no, last_signed_no, create_time) values($1, $2, $3, $4, $5, $6, $7, $8, $9, $10, $11, CURRENT_TIMESTAMP) ]
args=[[2020090816360023090927 2020090417003775361070 555d2d86-fef4-42d9-b2f0-a6adb8c3f325 558c1ae3-e0ca-4af1-96ae-9d5625795d2b 2020-09-07 23:26:08 2021-09-07 23:26:08 3 246b72ad-2904-42b6-83b8-274dbf3a4927 350 D0 002001 2020090711330858239887]]
2020-09-08 15:36:00 |ERROR | sql.go:406 | err=[pq: INSERT has more target columns than expressions]
2020-09-08 15:37:07 |ERROR | sql.go:476 | sql=[SELECT s.signed_no, s.app_id,s.business_no,s.business_account_no,s.end_time, s.scene_no, s.rate, s.cycle, s.industry_no FROM business_signed s  LEFT JOIN business_app app ON app.app_id = s.app_id WHERE app.status in ($1, $2) AND s.status=$3 AND s.end_time <= $4 AND s.last_signed_no IS NULL ]
args=[[1 4 3 2020-09-11 15:37:07]]
2020-09-08 15:37:10 |INFO  | businessAppAutoSigned.go:69 | 商家APP签约产品自动续签:需要续签的APP：[{"SignedNo":"2020090711330858239887","AppId":"2020090417003775361070","BusinessNo":"558c1ae3-e0ca-4af1-96ae-9d5625795d2b","BusinessAccNo":"555d2d86-fef4-42d9-b2f0-a6adb8c3f325","StartTime":"","EndTime":"2020-09-07T16:26:08Z","SceneNo":"246b72ad-2904-42b6-83b8-274dbf3a4927","Rate":"350","Cycle":"D0","IndustryNo":"002001","LastSignedNo":""}]
2020-09-08 15:37:10 |ERROR | sql.go:33 | sql=[select param_value from global_param where param_key=$1   limit 1]
args=[[service_term]]
2020-09-08 15:37:10 |ERROR | sql.go:398 | sql=[insert into business_signed(signed_no, app_id, business_account_no, business_no, start_time, end_time, status, scene_no, rate, cycle, industry_no, last_signed_no, create_time) values($1, $2, $3, $4, $5, $6, $7, $8, $9, $10, $11, $12, CURRENT_TIMESTAMP) ]
args=[[2020090816371022461857 2020090417003775361070 555d2d86-fef4-42d9-b2f0-a6adb8c3f325 558c1ae3-e0ca-4af1-96ae-9d5625795d2b 2020-09-07 23:26:08 2021-09-07 23:26:08 3 246b72ad-2904-42b6-83b8-274dbf3a4927 350 D0 002001 2020090711330858239887]]
2020-09-08 15:37:17 |INFO  | businessAppAutoSigned.go:101 | 商家APP签约产品自动续签:商户(558c1ae3-e0ca-4af1-96ae-9d5625795d2b)APP自动续签成功；appId:2020090417003775361070, signedNo=2020090816371022461857
2020-09-08 17:47:53 |ERROR | sql.go:476 | sql=[SELECT s.signed_no, s.app_id,s.business_no,s.business_account_no,s.end_time, s.scene_no, s.rate, s.cycle, s.industry_no FROM business_signed s  LEFT JOIN business_app app ON app.app_id = s.app_id WHERE app.status in ($1, $2) AND s.status=$3 AND s.end_time <= $4 AND s.last_signed_no IS NULL ]
args=[[1 4 3 2020-09-11 17:47:53]]
2020-09-08 17:47:53 |INFO  | businessAppAutoSigned.go:69 | 商家APP签约产品自动续签:需要续签的APP：[{"SignedNo":"2020090711330858239887","AppId":"2020090417003775361070","BusinessNo":"558c1ae3-e0ca-4af1-96ae-9d5625795d2b","BusinessAccNo":"555d2d86-fef4-42d9-b2f0-a6adb8c3f325","StartTime":"","EndTime":"2020-09-07T16:26:08Z","SceneNo":"246b72ad-2904-42b6-83b8-274dbf3a4927","Rate":"350","Cycle":"D0","IndustryNo":"002001","LastSignedNo":""}]
2020-09-08 17:47:58 |ERROR | sql.go:33 | sql=[select param_value from global_param where param_key=$1   limit 1]
args=[[service_term]]
2020-09-08 17:50:37 |ERROR | sql.go:476 | sql=[SELECT s.signed_no, s.app_id,s.business_no,s.business_account_no,s.end_time, s.scene_no, s.rate, s.cycle, s.industry_no FROM business_signed s  LEFT JOIN business_app app ON app.app_id = s.app_id WHERE app.status in ($1, $2) AND s.status=$3 AND s.end_time <= $4 AND s.last_signed_no IS NULL ]
args=[[1 4 3 2020-09-11 17:50:37]]
2020-09-08 17:50:37 |INFO  | businessAppAutoSigned.go:69 | 商家APP签约产品自动续签:需要续签的APP：[{"SignedNo":"2020090711330858239887","AppId":"2020090417003775361070","BusinessNo":"558c1ae3-e0ca-4af1-96ae-9d5625795d2b","BusinessAccNo":"555d2d86-fef4-42d9-b2f0-a6adb8c3f325","StartTime":"","EndTime":"2020-09-07T16:26:08Z","SceneNo":"246b72ad-2904-42b6-83b8-274dbf3a4927","Rate":"350","Cycle":"D0","IndustryNo":"002001","LastSignedNo":""}]
2020-09-08 17:50:37 |ERROR | sql.go:33 | sql=[select param_value from global_param where param_key=$1   limit 1]
args=[[service_term]]
2020-09-08 17:50:45 |ERROR | businessAppAutoSigned.go:81 | 时间转换失败，err=parsing time "2020-09-07T16:26:08Z" as "2006-01-02 15:04:05": cannot parse "T16:26:08Z" as " "
2020-09-08 17:53:53 |ERROR | sql.go:476 | sql=[SELECT s.signed_no, s.app_id,s.business_no,s.business_account_no,s.end_time, s.scene_no, s.rate, s.cycle, s.industry_no FROM business_signed s  LEFT JOIN business_app app ON app.app_id = s.app_id WHERE app.status in ($1, $2) AND s.status=$3 AND s.end_time <= $4 AND s.last_signed_no IS NULL ]
args=[[1 4 3 2020-09-11 17:53:53]]
2020-09-08 17:53:53 |INFO  | businessAppAutoSigned.go:69 | 商家APP签约产品自动续签:需要续签的APP：[{"SignedNo":"2020090711330858239887","AppId":"2020090417003775361070","BusinessNo":"558c1ae3-e0ca-4af1-96ae-9d5625795d2b","BusinessAccNo":"555d2d86-fef4-42d9-b2f0-a6adb8c3f325","StartTime":"","EndTime":"2020-09-07T16:26:08Z","SceneNo":"246b72ad-2904-42b6-83b8-274dbf3a4927","Rate":"350","Cycle":"D0","IndustryNo":"002001","LastSignedNo":""}]
2020-09-08 17:53:53 |ERROR | sql.go:33 | sql=[select param_value from global_param where param_key=$1   limit 1]
args=[[service_term]]
2020-09-08 17:54:31 |ERROR | sql.go:476 | sql=[SELECT s.signed_no, s.app_id,s.business_no,s.business_account_no,s.end_time, s.scene_no, s.rate, s.cycle, s.industry_no FROM business_signed s  LEFT JOIN business_app app ON app.app_id = s.app_id WHERE app.status in ($1, $2) AND s.status=$3 AND s.end_time <= $4 AND s.last_signed_no IS NULL ]
args=[[1 4 3 2020-09-11 17:54:31]]
2020-09-08 17:54:31 |INFO  | businessAppAutoSigned.go:69 | 商家APP签约产品自动续签:需要续签的APP：[{"SignedNo":"2020090711330858239887","AppId":"2020090417003775361070","BusinessNo":"558c1ae3-e0ca-4af1-96ae-9d5625795d2b","BusinessAccNo":"555d2d86-fef4-42d9-b2f0-a6adb8c3f325","StartTime":"","EndTime":"2020-09-07T16:26:08Z","SceneNo":"246b72ad-2904-42b6-83b8-274dbf3a4927","Rate":"350","Cycle":"D0","IndustryNo":"002001","LastSignedNo":""}]
2020-09-08 17:54:31 |ERROR | sql.go:33 | sql=[select param_value from global_param where param_key=$1   limit 1]
args=[[service_term]]
2020-09-08 17:54:56 |ERROR | sql.go:476 | sql=[SELECT s.signed_no, s.app_id,s.business_no,s.business_account_no,s.end_time, s.scene_no, s.rate, s.cycle, s.industry_no FROM business_signed s  LEFT JOIN business_app app ON app.app_id = s.app_id WHERE app.status in ($1, $2) AND s.status=$3 AND s.end_time <= $4 AND s.last_signed_no IS NULL ]
args=[[1 4 3 2020-09-11 17:54:56]]
2020-09-08 17:54:56 |INFO  | businessAppAutoSigned.go:69 | 商家APP签约产品自动续签:需要续签的APP：[{"SignedNo":"2020090711330858239887","AppId":"2020090417003775361070","BusinessNo":"558c1ae3-e0ca-4af1-96ae-9d5625795d2b","BusinessAccNo":"555d2d86-fef4-42d9-b2f0-a6adb8c3f325","StartTime":"","EndTime":"2020-09-07T16:26:08Z","SceneNo":"246b72ad-2904-42b6-83b8-274dbf3a4927","Rate":"350","Cycle":"D0","IndustryNo":"002001","LastSignedNo":""}]
2020-09-08 17:54:56 |ERROR | sql.go:33 | sql=[select param_value from global_param where param_key=$1   limit 1]
args=[[service_term]]
2020-09-08 17:56:39 |ERROR | sql.go:476 | sql=[SELECT s.signed_no, s.app_id,s.business_no,s.business_account_no,s.end_time, s.scene_no, s.rate, s.cycle, s.industry_no FROM business_signed s  LEFT JOIN business_app app ON app.app_id = s.app_id WHERE app.status in ($1, $2) AND s.status=$3 AND s.end_time <= $4 AND s.last_signed_no IS NULL ]
args=[[1 4 3 2020-09-11 17:56:39]]
2020-09-08 17:56:39 |INFO  | businessAppAutoSigned.go:69 | 商家APP签约产品自动续签:需要续签的APP：[{"SignedNo":"2020090711330858239887","AppId":"2020090417003775361070","BusinessNo":"558c1ae3-e0ca-4af1-96ae-9d5625795d2b","BusinessAccNo":"555d2d86-fef4-42d9-b2f0-a6adb8c3f325","StartTime":"","EndTime":"2020-09-07T16:26:08Z","SceneNo":"246b72ad-2904-42b6-83b8-274dbf3a4927","Rate":"350","Cycle":"D0","IndustryNo":"002001","LastSignedNo":""}]
2020-09-08 17:56:39 |ERROR | sql.go:33 | sql=[select param_value from global_param where param_key=$1   limit 1]
args=[[service_term]]
2020-09-08 17:58:39 |ERROR | sql.go:476 | sql=[SELECT s.signed_no, s.app_id,s.business_no,s.business_account_no,s.end_time, s.scene_no, s.rate, s.cycle, s.industry_no FROM business_signed s  LEFT JOIN business_app app ON app.app_id = s.app_id WHERE app.status in ($1, $2) AND s.status=$3 AND s.end_time <= $4 AND s.last_signed_no IS NULL ]
args=[[1 4 3 2020-09-11 17:58:39]]
2020-09-08 17:58:39 |INFO  | businessAppAutoSigned.go:69 | 商家APP签约产品自动续签:需要续签的APP：[{"SignedNo":"2020090711330858239887","AppId":"2020090417003775361070","BusinessNo":"558c1ae3-e0ca-4af1-96ae-9d5625795d2b","BusinessAccNo":"555d2d86-fef4-42d9-b2f0-a6adb8c3f325","StartTime":"","EndTime":"2020-09-07T16:26:08Z","SceneNo":"246b72ad-2904-42b6-83b8-274dbf3a4927","Rate":"350","Cycle":"D0","IndustryNo":"002001","LastSignedNo":""}]
2020-09-08 17:58:39 |ERROR | sql.go:33 | sql=[select param_value from global_param where param_key=$1   limit 1]
args=[[service_term]]
2020-09-08 18:01:41 |ERROR | sql.go:476 | sql=[SELECT s.signed_no, s.app_id,s.business_no,s.business_account_no,s.end_time, s.scene_no, s.rate, s.cycle, s.industry_no FROM business_signed s  LEFT JOIN business_app app ON app.app_id = s.app_id WHERE app.status in ($1, $2) AND s.status=$3 AND s.end_time <= $4 AND s.last_signed_no IS NULL ]
args=[[1 4 3 2020-09-11 18:01:41]]
2020-09-08 18:01:41 |INFO  | businessAppAutoSigned.go:69 | 商家APP签约产品自动续签:需要续签的APP：[{"SignedNo":"2020090711330858239887","AppId":"2020090417003775361070","BusinessNo":"558c1ae3-e0ca-4af1-96ae-9d5625795d2b","BusinessAccNo":"555d2d86-fef4-42d9-b2f0-a6adb8c3f325","StartTime":"","EndTime":"2020-09-07T16:26:08Z","SceneNo":"246b72ad-2904-42b6-83b8-274dbf3a4927","Rate":"350","Cycle":"D0","IndustryNo":"002001","LastSignedNo":""}]
2020-09-08 18:01:41 |ERROR | sql.go:33 | sql=[select param_value from global_param where param_key=$1   limit 1]
args=[[service_term]]
2020-09-08 18:02:26 |ERROR | sql.go:476 | sql=[SELECT s.signed_no, s.app_id,s.business_no,s.business_account_no,s.end_time, s.scene_no, s.rate, s.cycle, s.industry_no FROM business_signed s  LEFT JOIN business_app app ON app.app_id = s.app_id WHERE app.status in ($1, $2) AND s.status=$3 AND s.end_time <= $4 AND s.last_signed_no IS NULL ]
args=[[1 4 3 2020-09-11 18:02:26]]
2020-09-08 18:02:26 |INFO  | businessAppAutoSigned.go:69 | 商家APP签约产品自动续签:需要续签的APP：[{"SignedNo":"2020090711330858239887","AppId":"2020090417003775361070","BusinessNo":"558c1ae3-e0ca-4af1-96ae-9d5625795d2b","BusinessAccNo":"555d2d86-fef4-42d9-b2f0-a6adb8c3f325","StartTime":"","EndTime":"2020-09-07T16:26:08Z","SceneNo":"246b72ad-2904-42b6-83b8-274dbf3a4927","Rate":"350","Cycle":"D0","IndustryNo":"002001","LastSignedNo":""}]
2020-09-08 18:02:26 |ERROR | sql.go:33 | sql=[select param_value from global_param where param_key=$1   limit 1]
args=[[service_term]]
2020-09-08 18:02:26 |ERROR | sql.go:398 | sql=[insert into business_signed(signed_no, app_id, business_account_no, business_no, start_time, end_time, status, scene_no, rate, cycle, industry_no, last_signed_no, create_time) values($1, $2, $3, $4, $5, $6, $7, $8, $9, $10, $11, $12, CURRENT_TIMESTAMP) ]
args=[[2020090819022677898105 2020090417003775361070 555d2d86-fef4-42d9-b2f0-a6adb8c3f325 558c1ae3-e0ca-4af1-96ae-9d5625795d2b 2020-09-07 16:26:08 2021-09-07 16:26:08 3 246b72ad-2904-42b6-83b8-274dbf3a4927 350 D0 002001 2020090711330858239887]]
2020-09-08 18:02:26 |INFO  | businessAppAutoSigned.go:106 | 商家APP签约产品自动续签:商户(558c1ae3-e0ca-4af1-96ae-9d5625795d2b)APP自动续签成功；appId:2020090417003775361070, signedNo=2020090819022677898105
2020-10-20 10:15:42 |INFO  | businessSceneRelieveSigned.go:45 | 解除过期的产品签约:解除过期的产品签约定时任务---------------------------start

2020-10-20 10:15:42 |ERROR | sql.go:476 | sql=[UPDATE business_scene_signed SET status=$1,update_time=CURRENT_TIMESTAMP WHERE status=$2 AND end_time <= $3 RETURNING signed_no]
args=[[4 3 2020-10-20 10:15:42]]
2020-10-20 10:15:42 |INFO  | businessSceneRelieveSigned.go:54 | 解除过期的产品签约:过期的产品签约：["2020101917493899442244"]
2020-10-20 10:15:42 |INFO  | businessSceneRelieveSigned.go:56 | 解除过期的产品签约:解除过期的产品签约定时任务---------------------------end


