2020-07-29 16:41:20 |ERROR | sql.go:476 | sql=[select vaccount_no,va_type,balance from vaccount where account_no=$1 and va_type in ($2, $3) and is_delete='0' ]
args=[[f9b706be-e869-4f48-a009-93fae1983ed9 3 4]]
2020-07-29 16:41:51 |ERROR | sql.go:343 | sql=[insert into vaccount(vaccount_no,account_no,va_type,balance,create_time,is_delete,use_status,frozen_balance) values ($1,$2,$3,$4,current_timestamp,$5,$6,$7)]
args=[[3a678e20-dfda-4809-acf8-e097f6a306f5 f9b706be-e869-4f48-a009-93fae1983ed9 2 0 0 1 0]]
2020-07-29 16:42:23 |ERROR | sql.go:10 | sql=[UPDATE vaccount SET balance=balance-$1, modify_time=current_timestamp  WHERE vaccount_no=$2 AND is_delete='0' RETURNING balance, frozen_balance ]
args=[[0 0144f425-1c0e-4a69-b73d-639bf34d2f2a]]
2020-07-29 16:42:35 |ERROR | sql.go:343 | sql=[insert into log_vaccount (log_no, create_time, vaccount_no, amount, op_type, balance, frozen_balance, reason, biz_log_no)  values ($1, current_timestamp, $2, $3, $4, $5, $6, $7, $8)]
args=[[2020072916423524883676 0144f425-1c0e-4a69-b73d-639bf34d2f2a 0 2 0 0 22 2020072916423000027282]]
2020-07-29 16:42:35 |ERROR | sql.go:10 | sql=[UPDATE vaccount SET balance=balance+$1, modify_time=current_timestamp  WHERE vaccount_no=$2 AND is_delete='0' RETURNING balance, frozen_balance ]
args=[[0 3a678e20-dfda-4809-acf8-e097f6a306f5]]
2020-07-29 16:42:39 |ERROR | sql.go:343 | sql=[insert into log_vaccount (log_no, create_time, vaccount_no, amount, op_type, balance, frozen_balance, reason, biz_log_no)  values ($1, current_timestamp, $2, $3, $4, $5, $6, $7, $8)]
args=[[2020072916423950926656 3a678e20-dfda-4809-acf8-e097f6a306f5 0 1 0 0 22 2020072916423000027282]]
2020-07-29 16:44:40 |ERROR | sql.go:476 | sql=[select vaccount_no,va_type,balance from vaccount where account_no=$1 and va_type in ($2, $3) and is_delete='0' ]
args=[[f9b706be-e869-4f48-a009-93fae1983ed9 3 4]]
2020-07-29 16:44:42 |ERROR | sql.go:343 | sql=[insert into vaccount(vaccount_no,account_no,va_type,balance,create_time,is_delete,use_status,frozen_balance) values ($1,$2,$3,$4,current_timestamp,$5,$6,$7)]
args=[[b344d7f5-6eb9-45d1-821d-ffece7104a79 f9b706be-e869-4f48-a009-93fae1983ed9 2 0 0 1 0]]
2020-07-29 16:44:42 |ERROR | sql.go:10 | sql=[UPDATE vaccount SET balance=balance-$1, modify_time=current_timestamp  WHERE vaccount_no=$2 AND is_delete='0' RETURNING balance, frozen_balance ]
args=[[10000 0144f425-1c0e-4a69-b73d-639bf34d2f2a]]
2020-07-29 16:44:42 |ERROR | sql.go:343 | sql=[insert into log_vaccount (log_no, create_time, vaccount_no, amount, op_type, balance, frozen_balance, reason, biz_log_no)  values ($1, current_timestamp, $2, $3, $4, $5, $6, $7, $8)]
args=[[2020072916444253151100 0144f425-1c0e-4a69-b73d-639bf34d2f2a 10000 2 0 0 22 2020072916444253126062]]
2020-07-29 16:44:42 |ERROR | sql.go:10 | sql=[UPDATE vaccount SET balance=balance+$1, modify_time=current_timestamp  WHERE vaccount_no=$2 AND is_delete='0' RETURNING balance, frozen_balance ]
args=[[10000 b344d7f5-6eb9-45d1-821d-ffece7104a79]]
2020-07-29 16:44:42 |ERROR | sql.go:343 | sql=[insert into log_vaccount (log_no, create_time, vaccount_no, amount, op_type, balance, frozen_balance, reason, biz_log_no)  values ($1, current_timestamp, $2, $3, $4, $5, $6, $7, $8)]
args=[[2020072916444253198572 b344d7f5-6eb9-45d1-821d-ffece7104a79 10000 1 10000 0 22 2020072916444253126062]]
2020-07-29 16:58:12 |ERROR | sql.go:476 | sql=[select vaccount_no,va_type,balance from vaccount where account_no=$1 and va_type in ($2, $3) and is_delete='0' ]
args=[[f9b706be-e869-4f48-a009-93fae1983ed9 3 4]]
2020-07-29 16:58:12 |ERROR | sql.go:343 | sql=[insert into vaccount(vaccount_no,account_no,va_type,balance,create_time,is_delete,use_status,frozen_balance) values ($1,$2,$3,$4,current_timestamp,$5,$6,$7)]
args=[[93230077-52de-4a39-bf0e-46f9268dbfc3 f9b706be-e869-4f48-a009-93fae1983ed9 2 0 0 1 0]]
2020-07-29 16:58:12 |ERROR | sql.go:10 | sql=[UPDATE vaccount SET balance=balance-$1, modify_time=current_timestamp  WHERE vaccount_no=$2 AND is_delete='0' RETURNING balance, frozen_balance ]
args=[[10000 0144f425-1c0e-4a69-b73d-639bf34d2f2a]]
2020-07-29 16:58:12 |ERROR | sql.go:343 | sql=[insert into log_vaccount (log_no, create_time, vaccount_no, amount, op_type, balance, frozen_balance, reason, biz_log_no)  values ($1, current_timestamp, $2, $3, $4, $5, $6, $7, $8)]
args=[[2020072916581288232888 0144f425-1c0e-4a69-b73d-639bf34d2f2a 10000 2 0 0 22 2020072916581288297082]]
2020-07-29 16:58:12 |ERROR | sql.go:10 | sql=[UPDATE vaccount SET balance=balance+$1, modify_time=current_timestamp  WHERE vaccount_no=$2 AND is_delete='0' RETURNING balance, frozen_balance ]
args=[[10000 93230077-52de-4a39-bf0e-46f9268dbfc3]]
2020-07-29 16:58:12 |ERROR | sql.go:343 | sql=[insert into log_vaccount (log_no, create_time, vaccount_no, amount, op_type, balance, frozen_balance, reason, biz_log_no)  values ($1, current_timestamp, $2, $3, $4, $5, $6, $7, $8)]
args=[[2020072916581288243253 93230077-52de-4a39-bf0e-46f9268dbfc3 10000 1 10000 0 22 2020072916581288297082]]
2020-07-29 16:58:12 |ERROR | sql.go:343 | sql=[update account set usd_balance=(select sum(balance) from vaccount where account_no=$1 and va_type in($2,$3) and is_delete='0') where uid=$1 and is_delete='0' ]
args=[[f9b706be-e869-4f48-a009-93fae1983ed9 1 3]]
2020-07-29 16:58:12 |ERROR | sql.go:343 | sql=[update account set khr_balance=(select sum(balance) from vaccount where account_no=$1 and va_type in($2,$3) and is_delete='0') where uid=$1 and is_delete='0' ]
args=[[f9b706be-e869-4f48-a009-93fae1983ed9 2 4]]
2020-08-04 17:19:08 |ERROR | sql.go:476 | sql=[SELECT vaccount_no,va_type FROM vaccount WHERE account_no=$1 AND va_type in ($2, $3) AND is_delete='0' ]
args=[[555d2d86-fef4-42d9-b2f0-a6adb8c3f325]]
2020-08-04 17:19:08 |ERROR | sql.go:494 | err=[sql: expected 3 arguments, got 1]
2020-08-04 17:19:08 |ERROR | sql.go:504 | err=[sql: expected 3 arguments, got 1]
2020-08-04 17:19:08 |ERROR | vaccount.go:22 | 查询账号的已有虚账失败, accountNo=555d2d86-fef4-42d9-b2f0-a6adb8c3f325, err=sql: expected 3 arguments, got 1
2020-08-04 17:19:52 |ERROR | sql.go:476 | sql=[SELECT vaccount_no,va_type FROM vaccount WHERE account_no=$1 AND is_delete='0' ]
args=[[555d2d86-fef4-42d9-b2f0-a6adb8c3f325]]
2020-08-04 17:19:52 |ERROR | sql.go:343 | sql=[insert into vaccount(vaccount_no,account_no,va_type,balance,create_time,is_delete,use_status,frozen_balance,balance_type) values ($1,$2,$3,$4,current_timestamp,$5,$6,$7,$8)]
args=[[bad59462-81e6-4cee-a527-2f7ce4e6895d 555d2d86-fef4-42d9-b2f0-a6adb8c3f325 13 0 0 1 0 usd]]
2020-08-04 17:19:52 |ERROR | sql.go:343 | sql=[insert into vaccount(vaccount_no,account_no,va_type,balance,create_time,is_delete,use_status,frozen_balance,balance_type) values ($1,$2,$3,$4,current_timestamp,$5,$6,$7,$8)]
args=[[b59371fc-4646-46f3-bdeb-4840b00a569b 555d2d86-fef4-42d9-b2f0-a6adb8c3f325 15 0 0 1 0 usd]]
2020-08-04 17:19:52 |ERROR | sql.go:343 | sql=[insert into vaccount(vaccount_no,account_no,va_type,balance,create_time,is_delete,use_status,frozen_balance,balance_type) values ($1,$2,$3,$4,current_timestamp,$5,$6,$7,$8)]
args=[[1f601622-9fdb-4a87-9fd1-82e09d82c5ee 555d2d86-fef4-42d9-b2f0-a6adb8c3f325 14 0 0 1 0 usd]]
2020-08-04 17:19:52 |ERROR | sql.go:343 | sql=[insert into vaccount(vaccount_no,account_no,va_type,balance,create_time,is_delete,use_status,frozen_balance,balance_type) values ($1,$2,$3,$4,current_timestamp,$5,$6,$7,$8)]
args=[[da902390-1173-4d4f-b7e9-024e55fc60a3 555d2d86-fef4-42d9-b2f0-a6adb8c3f325 16 0 0 1 0 usd]]
2020-08-04 17:19:52 |INFO  | vaccount.go:64 | 初始化企业商家虚账完成；accountNo=555d2d86-fef4-42d9-b2f0-a6adb8c3f325, vAccountList={"瑞尔--商家已结算虚账":"1f601622-9fdb-4a87-9fd1-82e09d82c5ee","瑞尔--商家未结算虚账":"da902390-1173-4d4f-b7e9-024e55fc60a3","美金--商家已结算虚账":"bad59462-81e6-4cee-a527-2f7ce4e6895d","美金--商家未结算虚账":"b59371fc-4646-46f3-bdeb-4840b00a569b"}
2020-08-04 18:01:14 |ERROR | sql.go:476 | sql=[SELECT vaccount_no,va_type FROM vaccount WHERE account_no=$1 AND is_delete='0' ]
args=[[555d2d86-fef4-42d9-b2f0-a6adb8c3f325]]
2020-08-04 18:01:14 |ERROR | sql.go:343 | sql=[insert into vaccount(vaccount_no,account_no,va_type,balance,create_time,is_delete,use_status,frozen_balance,balance_type) values ($1,$2,$3,$4,current_timestamp,$5,$6,$7,$8)]
args=[[cda7d8c1-dcdf-4057-ab6e-dbcbdfa15bf1 555d2d86-fef4-42d9-b2f0-a6adb8c3f325 13 0 0 1 0 usd]]
2020-08-04 18:01:14 |ERROR | sql.go:343 | sql=[insert into vaccount(vaccount_no,account_no,va_type,balance,create_time,is_delete,use_status,frozen_balance,balance_type) values ($1,$2,$3,$4,current_timestamp,$5,$6,$7,$8)]
args=[[7c453fde-f9c0-4043-9844-697a27f600bc 555d2d86-fef4-42d9-b2f0-a6adb8c3f325 15 0 0 1 0 usd]]
2020-08-04 18:01:14 |ERROR | sql.go:343 | sql=[insert into vaccount(vaccount_no,account_no,va_type,balance,create_time,is_delete,use_status,frozen_balance,balance_type) values ($1,$2,$3,$4,current_timestamp,$5,$6,$7,$8)]
args=[[e03ec8ca-629c-402f-aee7-b60254410637 555d2d86-fef4-42d9-b2f0-a6adb8c3f325 14 0 0 1 0 khr]]
2020-08-04 18:01:14 |ERROR | sql.go:343 | sql=[insert into vaccount(vaccount_no,account_no,va_type,balance,create_time,is_delete,use_status,frozen_balance,balance_type) values ($1,$2,$3,$4,current_timestamp,$5,$6,$7,$8)]
args=[[7cd59439-9420-4daf-bf38-226e40ea2d63 555d2d86-fef4-42d9-b2f0-a6adb8c3f325 16 0 0 1 0 khr]]
2020-08-04 18:01:14 |INFO  | vaccount.go:64 | 初始化企业商家虚账完成；accountNo=555d2d86-fef4-42d9-b2f0-a6adb8c3f325, vAccountList={"瑞尔--商家已结算虚账":"e03ec8ca-629c-402f-aee7-b60254410637","瑞尔--商家未结算虚账":"7cd59439-9420-4daf-bf38-226e40ea2d63","美金--商家已结算虚账":"cda7d8c1-dcdf-4057-ab6e-dbcbdfa15bf1","美金--商家未结算虚账":"7c453fde-f9c0-4043-9844-697a27f600bc"}
2020-08-04 18:01:54 |ERROR | sql.go:476 | sql=[SELECT vaccount_no,va_type FROM vaccount WHERE account_no=$1 AND is_delete='0' ]
args=[[b8c8414e-5061-4e3a-b6b0-78a0a53d559d]]
2020-08-04 18:01:54 |ERROR | sql.go:343 | sql=[insert into vaccount(vaccount_no,account_no,va_type,balance,create_time,is_delete,use_status,frozen_balance,balance_type) values ($1,$2,$3,$4,current_timestamp,$5,$6,$7,$8)]
args=[[89bf868c-08c5-450a-be54-118f3c06d7c0 b8c8414e-5061-4e3a-b6b0-78a0a53d559d 13 0 0 1 0 usd]]
2020-08-04 18:01:54 |ERROR | sql.go:343 | sql=[insert into vaccount(vaccount_no,account_no,va_type,balance,create_time,is_delete,use_status,frozen_balance,balance_type) values ($1,$2,$3,$4,current_timestamp,$5,$6,$7,$8)]
args=[[1534df83-4f2a-420e-8b9c-d906c418292f b8c8414e-5061-4e3a-b6b0-78a0a53d559d 15 0 0 1 0 usd]]
2020-08-04 18:01:54 |ERROR | sql.go:343 | sql=[insert into vaccount(vaccount_no,account_no,va_type,balance,create_time,is_delete,use_status,frozen_balance,balance_type) values ($1,$2,$3,$4,current_timestamp,$5,$6,$7,$8)]
args=[[49e1a00a-fce2-4460-abcd-e51012ec2b87 b8c8414e-5061-4e3a-b6b0-78a0a53d559d 14 0 0 1 0 khr]]
2020-08-04 18:01:54 |ERROR | sql.go:343 | sql=[insert into vaccount(vaccount_no,account_no,va_type,balance,create_time,is_delete,use_status,frozen_balance,balance_type) values ($1,$2,$3,$4,current_timestamp,$5,$6,$7,$8)]
args=[[cb09a47b-0e49-45d4-a198-243579ccd671 b8c8414e-5061-4e3a-b6b0-78a0a53d559d 16 0 0 1 0 khr]]
2020-08-04 18:01:54 |INFO  | vaccount.go:64 | 初始化企业商家虚账完成；accountNo=b8c8414e-5061-4e3a-b6b0-78a0a53d559d, vAccountList={"瑞尔--商家已结算虚账":"49e1a00a-fce2-4460-abcd-e51012ec2b87","瑞尔--商家未结算虚账":"cb09a47b-0e49-45d4-a198-243579ccd671","美金--商家已结算虚账":"89bf868c-08c5-450a-be54-118f3c06d7c0","美金--商家未结算虚账":"1534df83-4f2a-420e-8b9c-d906c418292f"}
